<?xml version="1.0" encoding="UTF-8"?>
<testsuite xmlns:xsi="http://www.w3.org/2001/XMLSchema-instance" xsi:noNamespaceSchemaLocation="https://maven.apache.org/surefire/maven-surefire-plugin/xsd/surefire-test-report.xsd" name="fr.uvsq.hal.pglp.rpg.CharacterBuilderTest" time="0.062" tests="5" errors="0" skipped="0" failures="0">
  <properties>
[...]
</properties>
  <testcase name="charachterAvecDesCompetencesTest" classname="fr.uvsq.hal.pglp.rpg.CharacterBuilderTest" time="0.015"/>
  <testcase name="charachterAvecUneCompetenceTest" classname="fr.uvsq.hal.pglp.rpg.CharacterBuilderTest" time="0"/>
  <testcase name="parametresCorrecteOrdreTest" classname="fr.uvsq.hal.pglp.rpg.CharacterBuilderTest" time="0"/>
  <testcase name="parametresCorrecteTest" classname="fr.uvsq.hal.pglp.rpg.CharacterBuilderTest" time="0"/>
  <testcase name="unPersonnageAvecParamObligTest" classname="fr.uvsq.hal.pglp.rpg.CharacterBuilderTest" time="0"/>
</testsuite>